# JRE version: Java(TM) SE Runtime Environment (21.0.11+9) (build 21.0.11+9-LTS-211)
# Java VM: Java HotSpot(TM) 64-Bit Server VM (21.0.11+9-LTS-211, mixed mode, sharing, tiered, compressed oops, compressed class ptrs, g1 gc, windows-amd64)
GC Precious Log:
 CardTable entry size: 512
 Card Set container configuration: InlinePtr #cards 4 size 8 Array Of Cards #cards 64 size 144 Howl #buckets 8 coarsen threshold 14745 Howl Bitmap #cards 2048 size 272 coarsen threshold 1843 Card regions per heap region 1 cards per card region 16384
 CPUs: 16 total, 16 available
 Memory: 65227M
 Large Page Support: Disabled
 NUMA Support: Disabled
 Compressed Oops: Enabled (Zero based)
 Heap Region Size: 8M
 Heap Min Capacity: 8M
 Heap Initial Capacity: 1G
 Heap Max Capacity: 16312M
 Pre-touch: Disabled
 Parallel Workers: 13
 Concurrent Workers: 3
 Concurrent Refinement Workers: 13
 Periodic GC: Disabled
Heap:
 garbage-first heap   total 655360K, used 448277K [0x0000000404800000, 0x0000000800000000)
  region size 8192K, 3 young (24576K), 3 survivors (24576K)
 Metaspace       used 44280K, committed 44672K, reserved 1114112K
  class space    used 5082K, committed 5248K, reserved 1048576K
GC Heap History (20 events):
Event: 2.389 GC heap after
{Heap after GC invocations=6 (full 0):
 garbage-first heap   total 139264K, used 38844K [0x0000000404800000, 0x0000000800000000)
  region size 8192K, 1 young (8192K), 1 survivors (8192K)
 Metaspace       used 35788K, committed 36096K, reserved 1114112K
  class space    used 4406K, committed 4544K, reserved 1048576K
}
Event: 3.384 GC heap before
{Heap before GC invocations=7 (full 0):
 garbage-first heap   total 139264K, used 87996K [0x0000000404800000, 0x0000000800000000)
  region size 8192K, 7 young (57344K), 1 survivors (8192K)
 Metaspace       used 42644K, committed 43008K, reserved 1114112K
  class space    used 4976K, committed 5120K, reserved 1048576K
}
Event: 3.393 GC heap after
{Heap after GC invocations=8 (full 0):
 garbage-first heap   total 139264K, used 47040K [0x0000000404800000, 0x0000000800000000)
  region size 8192K, 1 young (8192K), 1 survivors (8192K)
 Metaspace       used 42644K, committed 43008K, reserved 1114112K
  class space    used 4976K, committed 5120K, reserved 1048576K
}
Event: 4.191 GC heap before
{Heap before GC invocations=8 (full 0):
 garbage-first heap   total 139264K, used 96192K [0x0000000404800000, 0x0000000800000000)
  region size 8192K, 7 young (57344K), 1 survivors (8192K)
 Metaspace       used 42856K, committed 43200K, reserved 1114112K
  class space    used 4976K, committed 5120K, reserved 1048576K
}
Event: 4.212 GC heap after
{Heap after GC invocations=9 (full 0):
 garbage-first heap   total 139264K, used 61519K [0x0000000404800000, 0x0000000800000000)
  region size 8192K, 1 young (8192K), 1 survivors (8192K)
 Metaspace       used 42856K, committed 43200K, reserved 1114112K
  class space    used 4976K, committed 5120K, reserved 1048576K
}
Event: 4.429 GC heap before
{Heap before GC invocations=9 (full 0):
 garbage-first heap   total 139264K, used 102479K [0x0000000404800000, 0x0000000800000000)
  region size 8192K, 6 young (49152K), 1 survivors (8192K)
 Metaspace       used 42897K, committed 43264K, reserved 1114112K
  class space    used 4976K, committed 5120K, reserved 1048576K
}
Event: 4.444 GC heap after
{Heap after GC invocations=10 (full 0):
 garbage-first heap   total 598016K, used 74849K [0x0000000404800000, 0x0000000800000000)
  region size 8192K, 1 young (8192K), 1 survivors (8192K)
 Metaspace       used 42897K, committed 43264K, reserved 1114112K
  class space    used 4976K, committed 5120K, reserved 1048576K
}
Event: 6.420 GC heap before
{Heap before GC invocations=10 (full 0):
 garbage-first heap   total 598016K, used 320609K [0x0000000404800000, 0x0000000800000000)
  region size 8192K, 31 young (253952K), 1 survivors (8192K)
 Metaspace       used 44098K, committed 44480K, reserved 1114112K
  class space    used 5070K, committed 5248K, reserved 1048576K
}
Event: 6.438 GC heap after
{Heap after GC invocations=11 (full 0):
 garbage-first heap   total 598016K, used 154184K [0x0000000404800000, 0x0000000800000000)
  region size 8192K, 4 young (32768K), 4 survivors (32768K)
 Metaspace       used 44098K, committed 44480K, reserved 1114112K
  class space    used 5070K, committed 5248K, reserved 1048576K
}
Event: 6.898 GC heap before
{Heap before GC invocations=11 (full 0):
 garbage-first heap   total 598016K, used 268872K [0x0000000404800000, 0x0000000800000000)
  region size 8192K, 18 young (147456K), 4 survivors (32768K)
 Metaspace       used 44144K, committed 44544K, reserved 1114112K
  class space    used 5074K, committed 5248K, reserved 1048576K
}
Event: 6.912 GC heap after
{Heap after GC invocations=12 (full 0):
 garbage-first heap   total 598016K, used 195476K [0x0000000404800000, 0x0000000800000000)
  region size 8192K, 3 young (24576K), 3 survivors (24576K)
 Metaspace       used 44144K, committed 44544K, reserved 1114112K
  class space    used 5074K, committed 5248K, reserved 1048576K
}
Event: 8.580 GC heap before
{Heap before GC invocations=12 (full 0):
 garbage-first heap   total 598016K, used 326548K [0x0000000404800000, 0x0000000800000000)
  region size 8192K, 19 young (155648K), 3 survivors (24576K)
 Metaspace       used 44183K, committed 44544K, reserved 1114112K
  class space    used 5077K, committed 5248K, reserved 1048576K
}
Event: 8.595 GC heap after
{Heap after GC invocations=13 (full 0):
 garbage-first heap   total 598016K, used 242480K [0x0000000404800000, 0x0000000800000000)
  region size 8192K, 3 young (24576K), 3 survivors (24576K)
 Metaspace       used 44183K, committed 44544K, reserved 1114112K
  class space    used 5077K, committed 5248K, reserved 1048576K
}
Event: 9.073 GC heap before
{Heap before GC invocations=13 (full 0):
 garbage-first heap   total 598016K, used 422704K [0x0000000404800000, 0x0000000800000000)
  region size 8192K, 25 young (204800K), 3 survivors (24576K)
 Metaspace       used 44238K, committed 44608K, reserved 1114112K
  class space    used 5082K, committed 5248K, reserved 1048576K
}
Event: 9.094 GC heap after
{Heap after GC invocations=14 (full 0):
 garbage-first heap   total 598016K, used 304401K [0x0000000404800000, 0x0000000800000000)
  region size 8192K, 4 young (32768K), 4 survivors (32768K)
 Metaspace       used 44238K, committed 44608K, reserved 1114112K
  class space    used 5082K, committed 5248K, reserved 1048576K
}
Event: 9.504 GC heap before
{Heap before GC invocations=14 (full 0):
 garbage-first heap   total 598016K, used 460049K [0x0000000404800000, 0x0000000800000000)
  region size 8192K, 23 young (188416K), 4 survivors (32768K)
 Metaspace       used 44271K, committed 44608K, reserved 1114112K
  class space    used 5082K, committed 5248K, reserved 1048576K
}
Event: 9.525 GC heap after
{Heap after GC invocations=15 (full 0):
 garbage-first heap   total 598016K, used 358120K [0x0000000404800000, 0x0000000800000000)
  region size 8192K, 3 young (24576K), 3 survivors (24576K)
 Metaspace       used 44271K, committed 44608K, reserved 1114112K
  class space    used 5082K, committed 5248K, reserved 1048576K
}
Event: 10.039 GC heap before
{Heap before GC invocations=16 (full 0):
 garbage-first heap   total 655360K, used 489192K [0x0000000404800000, 0x0000000800000000)
  region size 8192K, 19 young (155648K), 3 survivors (24576K)
 Metaspace       used 44277K, committed 44672K, reserved 1114112K
  class space    used 5082K, committed 5248K, reserved 1048576K
}
Event: 10.052 GC heap after
{Heap after GC invocations=17 (full 0):
 garbage-first heap   total 655360K, used 404660K [0x0000000404800000, 0x0000000800000000)
  region size 8192K, 3 young (24576K), 3 survivors (24576K)
 Metaspace       used 44277K, committed 44672K, reserved 1114112K
  class space    used 5082K, committed 5248K, reserved 1048576K
}
Event: 10.418 GC heap before
{Heap before GC invocations=17 (full 0):
 garbage-first heap   total 655360K, used 543924K [0x0000000404800000, 0x0000000800000000)
  region size 8192K, 20 young (163840K), 3 survivors (24576K)
 Metaspace       used 44280K, committed 44672K, reserved 1114112K
  class space    used 5082K, committed 5248K, reserved 1048576K
}

